10/27/2023 1:26:51 PM	This log contains information about the import schema operation into project 'Database' on computer '45062' by user 'Dalton'.
10/27/2023 1:26:51 PM	Import of database schema has started.
10/27/2023 1:27:04 PM	Gathering database credentials
10/27/2023 1:27:04 PM	Gathering database options
10/27/2023 1:27:04 PM	Gathering generic database scoped configuration option
10/27/2023 1:27:04 PM	Gathering users
10/27/2023 1:27:04 PM	Gathering roles
10/27/2023 1:27:04 PM	Gathering application roles
10/27/2023 1:27:04 PM	Gathering role memberships
10/27/2023 1:27:04 PM	Gathering filegroups
10/27/2023 1:27:04 PM	Gathering full-text catalogs
10/27/2023 1:27:04 PM	Gathering assemblies
10/27/2023 1:27:04 PM	Gathering certificates
10/27/2023 1:27:04 PM	Gathering asymmetric keys
10/27/2023 1:27:04 PM	Gathering symmetric keys
10/27/2023 1:27:04 PM	Gathering encrypted symmetric keys
10/27/2023 1:27:04 PM	Gathering schemas
10/27/2023 1:27:04 PM	Gathering XML schema collections
10/27/2023 1:27:04 PM	Gathering user-defined data types
10/27/2023 1:27:04 PM	Gathering user-defined types
10/27/2023 1:27:04 PM	Gathering table types
10/27/2023 1:27:04 PM	Gathering unique keys for table types
10/27/2023 1:27:04 PM	Gathering primary keys for table types
10/27/2023 1:27:04 PM	Gathering indexes for table types
10/27/2023 1:27:04 PM	Gathering check constraints for table types
10/27/2023 1:27:04 PM	Gathering default constraints for table types
10/27/2023 1:27:04 PM	Gathering partition functions
10/27/2023 1:27:04 PM	Gathering partition schemes
10/27/2023 1:27:04 PM	Gathering functions
10/27/2023 1:27:04 PM	Gathering encrypted functions
10/27/2023 1:27:04 PM	Gathering aggregates
10/27/2023 1:27:04 PM	Gathering procedures
10/27/2023 1:27:04 PM	Gathering encrypted procedures
10/27/2023 1:27:04 PM	Gathering tables
10/27/2023 1:27:04 PM	Gathering primary keys
10/27/2023 1:27:04 PM	Gathering unique constraints
10/27/2023 1:27:04 PM	Gathering foreign keys
10/27/2023 1:27:04 PM	Gathering default constraints
10/27/2023 1:27:04 PM	Gathering check constraints
10/27/2023 1:27:04 PM	Gathering views
10/27/2023 1:27:04 PM	Gathering encrypted views
10/27/2023 1:27:04 PM	Gathering indexes
10/27/2023 1:27:05 PM	Gathering statistics
10/27/2023 1:27:05 PM	Gathering full-text index stoplists
10/27/2023 1:27:05 PM	Gathering search property lists
10/27/2023 1:27:05 PM	Gathering search properties
10/27/2023 1:27:05 PM	Gathering full-text indexes
10/27/2023 1:27:05 PM	Gathering column store indexes
10/27/2023 1:27:05 PM	Gathering spatial indexes
10/27/2023 1:27:05 PM	Gathering XML indexes
10/27/2023 1:27:05 PM	Gathering Selective XML indexes
10/27/2023 1:27:05 PM	Gathering encrypted triggers
10/27/2023 1:27:05 PM	Gathering triggers
10/27/2023 1:27:05 PM	Gathering encrypted and clr ddl triggers
10/27/2023 1:27:05 PM	Gathering ddl triggers
10/27/2023 1:27:05 PM	Creating edge constraints
10/27/2023 1:27:05 PM	Gathering synonyms
10/27/2023 1:27:05 PM	Gathering defaults
10/27/2023 1:27:05 PM	Gathering data constraint uddt bindings
10/27/2023 1:27:05 PM	Gathering rules
10/27/2023 1:27:05 PM	Gathering data constraint uddt bindings
10/27/2023 1:27:05 PM	Gathering message types
10/27/2023 1:27:05 PM	Gathering queues
10/27/2023 1:27:05 PM	Gathering contracts
10/27/2023 1:27:05 PM	Gathering services
10/27/2023 1:27:05 PM	Gathering event notifications
10/27/2023 1:27:05 PM	Gathering remote service bindings
10/27/2023 1:27:05 PM	Gathering broker priorities
10/27/2023 1:27:05 PM	Gathering signatures
10/27/2023 1:27:05 PM	Gathering compression options
10/27/2023 1:27:05 PM	Gathering sequence types
10/27/2023 1:27:05 PM	Gathering security policies
10/27/2023 1:27:05 PM	Gather column encryption keys
10/27/2023 1:27:05 PM	Gathering column master keys
10/27/2023 1:27:05 PM	Gathering external data sources
10/27/2023 1:27:05 PM	Gathering external file formats
10/27/2023 1:27:05 PM	Gathering external tables
10/27/2023 1:27:05 PM	Gathering XML index compression options
10/27/2023 1:27:05 PM	Gathering extended properties
10/27/2023 1:27:05 PM	Gathering assemblies
10/27/2023 1:27:05 PM	Gathering credentials
10/27/2023 1:27:05 PM	Gathering logins
10/27/2023 1:27:05 PM	Gathering server audits
10/27/2023 1:27:10 PM	Scanning project for duplicate elements
10/27/2023 1:27:10 PM	Finished duplicate element processing
10/27/2023 1:27:10 PM	Finished importing database.
10/27/2023 1:27:10 PM	A summary of the import was saved to the following location: C:\Users\Dalton\source\repos\book-club\Database\Import Schema Logs\Database_20231027082651.log
10/27/2023 1:27:10 PM	Click Finish to continue...
